Using pre-set license
Built from '2020.3/staging' branch; Version is '2020.3.18f1 (a7d1c678663c) revision 10998214'; Using compiler version '192528614'; Build Type 'Release'
OS: 'Windows 10 Home; OS build 19044.2364; Version 2009; 64bit' Language: 'en' Physical Memory: 32621 MB
BatchMode: 1, IsHumanControllingUs: 0, StartBugReporterOnCrash: 0, Is64bit: 1, IsPro: 0

COMMAND LINE ARGUMENTS:
C:\Program Files\Unity\Hub\Editor\2020.3.18f1\Editor\Unity.exe
-adb2
-batchMode
-noUpm
-name
AssetImportWorker0
-projectPath
C:/Users/aacha/Documents/GitHub/GE-Retro-Project/VR_Retro_GE
-logFile
Logs/AssetImportWorker0.log
-srvPort
50879
Successfully changed project path to: C:/Users/aacha/Documents/GitHub/GE-Retro-Project/VR_Retro_GE
C:/Users/aacha/Documents/GitHub/GE-Retro-Project/VR_Retro_GE
Using Asset Import Pipeline V2.
Refreshing native plugins compatible for Editor in 81.93 ms, found 11 plugins.
Preloading 2 native plugins for Editor in 2.05 ms.
Initialize engine version: 2020.3.18f1 (a7d1c678663c)
[Subsystems] Discovering subsystems at path C:/Program Files/Unity/Hub/Editor/2020.3.18f1/Editor/Data/Resources/UnitySubsystems
[Subsystems] Discovering subsystems at path C:/Users/aacha/Documents/GitHub/GE-Retro-Project/VR_Retro_GE/Assets
GfxDevice: creating device client; threaded=0
Direct3D:
    Version:  Direct3D 11.0 [level 11.1]
    Renderer: NVIDIA GeForce RTX 2070 Super (ID=0x1ed1)
    Vendor:   
    VRAM:     8003 MB
    Driver:   31.0.15.2756
Initialize mono
Mono path[0] = 'C:/Program Files/Unity/Hub/Editor/2020.3.18f1/Editor/Data/Managed'
Mono path[1] = 'C:/Program Files/Unity/Hub/Editor/2020.3.18f1/Editor/Data/MonoBleedingEdge/lib/mono/unityjit'
Mono config path = 'C:/Program Files/Unity/Hub/Editor/2020.3.18f1/Editor/Data/MonoBleedingEdge/etc'
Using monoOptions --debugger-agent=transport=dt_socket,embedding=1,server=y,suspend=n,address=127.0.0.1:56572
Begin MonoManager ReloadAssembly
Registering precompiled unity dll's ...
Register platform support module: C:/Program Files/Unity/Hub/Editor/2020.3.18f1/Editor/Data/PlaybackEngines/WindowsStandaloneSupport/UnityEditor.WindowsStandalone.Extensions.dll
Registered in 0.001887 seconds.
Native extension for WindowsStandalone target not found
Refreshing native plugins compatible for Editor in 41.21 ms, found 11 plugins.
Preloading 2 native plugins for Editor in 0.14 ms.
Mono: successfully reloaded assembly
- Completed reload, in  2.229 seconds
Domain Reload Profiling:
	ReloadAssembly (2230ms)
		BeginReloadAssembly (68ms)
			ExecutionOrderSort (0ms)
			DisableScriptedObjects (0ms)
			BackupInstance (0ms)
			ReleaseScriptingObjects (0ms)
			CreateAndSetChildDomain (1ms)
		EndReloadAssembly (399ms)
			LoadAssemblies (64ms)
			RebuildTransferFunctionScriptingTraits (0ms)
			SetupTypeCache (142ms)
			ReleaseScriptCaches (0ms)
			RebuildScriptCaches (27ms)
			SetupLoadedEditorAssemblies (163ms)
				LogAssemblyErrors (0ms)
				InitializePlatformSupportModulesInManaged (4ms)
				SetLoadedEditorAssemblies (0ms)
				RefreshPlugins (41ms)
				BeforeProcessingInitializeOnLoad (15ms)
				ProcessInitializeOnLoadAttributes (74ms)
				ProcessInitializeOnLoadMethodAttributes (28ms)
				AfterProcessingInitializeOnLoad (0ms)
				EditorAssembliesLoaded (0ms)
			ExecutionOrderSort2 (0ms)
			AwakeInstancesAfterBackupRestoration (0ms)
Platform modules already initialized, skipping
Registering precompiled user dll's ...
Registered in 0.007480 seconds.
Begin MonoManager ReloadAssembly
Symbol file data-000002B044697020 doesn't match image C:\Users\aacha\Documents\GitHub\GE-Retro-Project\VR_Retro_GE\Library\ScriptAssemblies\Unity.VSCode.Editor.dll
Symbol file LoadedFromMemory is not a mono symbol file
Symbol file data-000002B043DB5020 doesn't match image C:\Users\aacha\Documents\GitHub\GE-Retro-Project\VR_Retro_GE\Library\ScriptAssemblies\Unity.TextMeshPro.Editor.dll
Symbol file LoadedFromMemory is not a mono symbol file
Symbol file data-000002B043DCA630 doesn't match image C:\Users\aacha\Documents\GitHub\GE-Retro-Project\VR_Retro_GE\Library\ScriptAssemblies\Unity.VisualStudio.Editor.dll
Symbol file LoadedFromMemory is not a mono symbol file
Symbol file data-000002B044A85220 doesn't match image C:\Users\aacha\Documents\GitHub\GE-Retro-Project\VR_Retro_GE\Library\ScriptAssemblies\UnityEngine.TestRunner.dll
Symbol file LoadedFromMemory is not a mono symbol file
Symbol file data-000002B043DCA630 doesn't match image C:\Users\aacha\Documents\GitHub\GE-Retro-Project\VR_Retro_GE\Library\ScriptAssemblies\Unity.XR.Management.Editor.dll
Symbol file LoadedFromMemory is not a mono symbol file
Symbol file data-000002B1FF23DA00 doesn't match image C:\Users\aacha\Documents\GitHub\GE-Retro-Project\VR_Retro_GE\Library\ScriptAssemblies\Unity.Timeline.dll
Symbol file LoadedFromMemory is not a mono symbol file
Symbol file data-000002B1FF23DA00 doesn't match image C:\Users\aacha\Documents\GitHub\GE-Retro-Project\VR_Retro_GE\Library\ScriptAssemblies\Unity.TextMeshPro.dll
Symbol file LoadedFromMemory is not a mono symbol file
Symbol file data-000002B0430F0C90 doesn't match image C:\Users\aacha\Documents\GitHub\GE-Retro-Project\VR_Retro_GE\Library\ScriptAssemblies\UnityEditor.TestRunner.dll
Symbol file LoadedFromMemory is not a mono symbol file
Symbol file data-000002B1FF26BC10 doesn't match image C:\Users\aacha\Documents\GitHub\GE-Retro-Project\VR_Retro_GE\Library\ScriptAssemblies\Unity.Subsystem.Registration.dll
Symbol file LoadedFromMemory is not a mono symbol file
Symbol file data-000002B043DCA630 doesn't match image C:\Users\aacha\Documents\GitHub\GE-Retro-Project\VR_Retro_GE\Library\ScriptAssemblies\UnityEditor.UI.dll
Symbol file LoadedFromMemory is not a mono symbol file
Symbol file data-000002B1FEDAB5B0 doesn't match image C:\Users\aacha\Documents\GitHub\GE-Retro-Project\VR_Retro_GE\Library\ScriptAssemblies\Unity.PlasticSCM.Editor.dll
Symbol file LoadedFromMemory is not a mono symbol file
Symbol file data-000002B1FECEC9E0 doesn't match image C:\Users\aacha\Documents\GitHub\GE-Retro-Project\VR_Retro_GE\Library\ScriptAssemblies\Unity.Rider.Editor.dll
Symbol file LoadedFromMemory is not a mono symbol file
Symbol file data-000002B0431056A0 doesn't match image C:\Users\aacha\Documents\GitHub\GE-Retro-Project\VR_Retro_GE\Library\ScriptAssemblies\UnityEngine.UI.dll
Symbol file LoadedFromMemory is not a mono symbol file
Symbol file data-000002B1FED12660 doesn't match image C:\Users\aacha\Documents\GitHub\GE-Retro-Project\VR_Retro_GE\Library\ScriptAssemblies\UnityEngine.SpatialTracking.dll
Symbol file LoadedFromMemory is not a mono symbol file
Symbol file data-000002B1FED12660 doesn't match image C:\Users\aacha\Documents\GitHub\GE-Retro-Project\VR_Retro_GE\Library\ScriptAssemblies\Unity.EditorCoroutines.Editor.dll
Symbol file LoadedFromMemory is not a mono symbol file
Symbol file data-000002B1FED29C80 doesn't match image C:\Users\aacha\Documents\GitHub\GE-Retro-Project\VR_Retro_GE\Library\ScriptAssemblies\UnityEngine.XR.LegacyInputHelpers.dll
Symbol file LoadedFromMemory is not a mono symbol file
Symbol file data-000002B1FF2A0420 doesn't match image C:\Users\aacha\Documents\GitHub\GE-Retro-Project\VR_Retro_GE\Library\ScriptAssemblies\Unity.Settings.Editor.dll
Symbol file LoadedFromMemory is not a mono symbol file
Symbol file data-000002B043C62020 doesn't match image C:\Users\aacha\Documents\GitHub\GE-Retro-Project\VR_Retro_GE\Library\ScriptAssemblies\Unity.Timeline.Editor.dll
Symbol file LoadedFromMemory is not a mono symbol file
Symbol file data-000002B1FE909010 doesn't match image C:\Users\aacha\Documents\GitHub\GE-Retro-Project\VR_Retro_GE\Library\ScriptAssemblies\UnityEditor.XR.LegacyInputHelpers.dll
Symbol file LoadedFromMemory is not a mono symbol file
Symbol file data-000002B044702010 doesn't match image C:\Users\aacha\Documents\GitHub\GE-Retro-Project\VR_Retro_GE\Library\ScriptAssemblies\Unity.XR.Management.dll
Symbol file LoadedFromMemory is not a mono symbol file
Symbol file data-000002B043337020 doesn't match image C:\Users\aacha\Documents\GitHub\GE-Retro-Project\VR_Retro_GE\Library\ScriptAssemblies\Unity.CollabProxy.Editor.dll
Symbol file LoadedFromMemory is not a mono symbol file
Symbol file data-000002B044702010 doesn't match image C:\Users\aacha\Documents\GitHub\GE-Retro-Project\VR_Retro_GE\Library\ScriptAssemblies\Unity.XR.Oculus.Editor.dll
Symbol file LoadedFromMemory is not a mono symbol file
Symbol file data-000002B1FEA46120 doesn't match image C:\Users\aacha\Documents\GitHub\GE-Retro-Project\VR_Retro_GE\Library\ScriptAssemblies\Unity.XR.Oculus.dll
Symbol file LoadedFromMemory is not a mono symbol file
Symbol file data-000002B1FEA46120 doesn't match image C:\Users\aacha\Documents\GitHub\GE-Retro-Project\VR_Retro_GE\Library\ScriptAssemblies\UnityEditor.SpatialTracking.dll
Symbol file LoadedFromMemory is not a mono symbol file
Native extension for WindowsStandalone target not found
Refreshing native plugins compatible for Editor in 0.84 ms, found 11 plugins.
Preloading 2 native plugins for Editor in 0.15 ms.
[XR] OculusXRPlugin: registering subsystems
[XR] Unable to register display lifecyle provider: [1]
[XR] Oculus Input lifecycle provider registered.
[XR] Unable to register input lifecyle provider: [1]
System.Reflection.TargetInvocationException: Exception has been thrown by the target of an invocation. ---> System.NullReferenceException: Object reference not set to an instance of an object
  at Unity.XR.Oculus.OculusLoader.AssetPathToAbsolutePath (System.String assetPath) [0x0004e] in <c544964db9ce49dfa440be2e99dbd4fd>:0 
  at Unity.XR.Oculus.OculusLoader.EditorLoadOVRPlugin () [0x0007b] in <c544964db9ce49dfa440be2e99dbd4fd>:0 
  at (wrapper managed-to-native) System.Reflection.MonoMethod.InternalInvoke(System.Reflection.MonoMethod,object,object[],System.Exception&)
  at System.Reflection.MonoMethod.Invoke (System.Object obj, System.Reflection.BindingFlags invokeAttr, System.Reflection.Binder binder, System.Object[] parameters, System.Globalization.CultureInfo culture) [0x00032] in <695d1cc93cca45069c528c15c9fdd749>:0 
   --- End of inner exception stack trace ---
  at System.Reflection.MonoMethod.Invoke (System.Object obj, System.Reflection.BindingFlags invokeAttr, System.Reflection.Binder binder, System.Object[] parameters, System.Globalization.CultureInfo culture) [0x00048] in <695d1cc93cca45069c528c15c9fdd749>:0 
  at System.Reflection.MethodBase.Invoke (System.Object obj, System.Object[] parameters) [0x00000] in <695d1cc93cca45069c528c15c9fdd749>:0 
  at UnityEditor.EditorAssemblies.ProcessInitializeOnLoadMethodAttributes () [0x00047] in <5ad584e208e14caaa9e6b2e6027e9204>:0 
UnityEngine.StackTraceUtility:ExtractStackTrace ()
UnityEngine.DebugLogHandler:LogFormat (UnityEngine.LogType,UnityEngine.Object,string,object[])
UnityEngine.Logger:Log (UnityEngine.LogType,object)
UnityEngine.Debug:LogError (object)
UnityEditor.EditorAssemblies:ProcessInitializeOnLoadMethodAttributes ()

Mono: successfully reloaded assembly
- Completed reload, in  1.020 seconds
Domain Reload Profiling:
	ReloadAssembly (1021ms)
		BeginReloadAssembly (136ms)
			ExecutionOrderSort (0ms)
			DisableScriptedObjects (4ms)
			BackupInstance (0ms)
			ReleaseScriptingObjects (0ms)
			CreateAndSetChildDomain (16ms)
		EndReloadAssembly (824ms)
			LoadAssemblies (85ms)
			RebuildTransferFunctionScriptingTraits (0ms)
			SetupTypeCache (267ms)
			ReleaseScriptCaches (0ms)
			RebuildScriptCaches (41ms)
			SetupLoadedEditorAssemblies (330ms)
				LogAssemblyErrors (0ms)
				InitializePlatformSupportModulesInManaged (5ms)
				SetLoadedEditorAssemblies (0ms)
				RefreshPlugins (1ms)
				BeforeProcessingInitializeOnLoad (85ms)
				ProcessInitializeOnLoadAttributes (216ms)
				ProcessInitializeOnLoadMethodAttributes (15ms)
				AfterProcessingInitializeOnLoad (7ms)
				EditorAssembliesLoaded (0ms)
			ExecutionOrderSort2 (0ms)
			AwakeInstancesAfterBackupRestoration (6ms)
Platform modules already initialized, skipping
========================================================================
Worker process is ready to serve import requests
Launched and connected shader compiler UnityShaderCompiler.exe after 0.04 seconds
Refreshing native plugins compatible for Editor in 0.68 ms, found 11 plugins.
Preloading 2 native plugins for Editor in 0.18 ms.
Unloading 1862 Unused Serialized files (Serialized files now loaded: 0)
System memory in use before: 80.0 MB.
System memory in use after: 80.1 MB.

Unloading 20 unused Assets to reduce memory usage. Loaded Objects now: 2301.
Total: 3.008000 ms (FindLiveObjects: 0.205200 ms CreateObjectMapping: 0.091500 ms MarkObjects: 2.634900 ms  DeleteObjects: 0.075400 ms)

AssetImportParameters requested are different than current active one (requested -> active):
  custom:framework-win-MediaFoundation: 216162199b28c13a410421893ffa2e32 -> 
  custom:video-decoder-ogg-theora: a1e56fd34408186e4bbccfd4996cb3dc -> 
  custom:container-muxer-webm: aa71ff27fc2769a1b78a27578f13a17b -> 
  custom:container-demuxer-webm: 4f35f7cbe854078d1ac9338744f61a02 -> 
  custom:container-demuxer-ogg: 62fdf1f143b41e24485cea50d1cbac27 -> 
  custom:video-encoder-webm-vp8: eb34c28f22e8b96e1ab97ce403110664 -> 
  custom:video-codec-MediaFoundation-h265: 746d11721c4dcdbdad8f713fa42b33f4 -> 
  custom:video-decoder-webm-vp8: 9c59270c3fd7afecdb556c50c9e8de78 -> 
  custom:audio-decoder-ogg-vorbis: bf7c407c2cedff20999df2af8eb42d56 -> 
  custom:audio-encoder-webm-vorbis: bf7c407c2cedff20999df2af8eb42d56 -> 
========================================================================
Received Import Request.
  path: Assets/New Material.mat
  artifactKey: Guid(7be2e87702eb7d7418c471491c41ca92) Importer(815301076,1909f56bfc062723c751e8b465ee728b)
Start importing Assets/New Material.mat using Guid(7be2e87702eb7d7418c471491c41ca92) Importer(815301076,1909f56bfc062723c751e8b465ee728b)  -> (artifact id: 'a6c4daa609e460e4b7403c8112b1c276') in 0.096768 seconds 
  Import took 0.099624 seconds .

========================================================================
Received Import Request.
  Time since last request: 11.424514 seconds.
  path: Assets/ExampleAssets/Textures/Grid_Light_512x512.png
  artifactKey: Guid(a5888ab2610a91d40a5deefc40b7bfe4) Importer(815301076,1909f56bfc062723c751e8b465ee728b)
Start importing Assets/ExampleAssets/Textures/Grid_Light_512x512.png using Guid(a5888ab2610a91d40a5deefc40b7bfe4) Importer(815301076,1909f56bfc062723c751e8b465ee728b)  -> (artifact id: 'b374f7b2d32b4ce5c024c3c091e74909') in 0.050998 seconds 
  Import took 0.053713 seconds .

========================================================================
Received Import Request.
  Time since last request: 0.373350 seconds.
  path: Assets/Models/alien.fbx
  artifactKey: Guid(73ddb7010762b534bb4bd79cbc330d05) Importer(815301076,1909f56bfc062723c751e8b465ee728b)
Start importing Assets/Models/alien.fbx using Guid(73ddb7010762b534bb4bd79cbc330d05) Importer(815301076,1909f56bfc062723c751e8b465ee728b)  -> (artifact id: '7d0e8b1852b6fe9ef23d70c519f44036') in 0.055583 seconds 
  Import took 0.058430 seconds .

========================================================================
Received Import Request.
  Time since last request: 0.000167 seconds.
  path: Assets/Models/Belly Dance.fbx
  artifactKey: Guid(2a5cdf700aa4c16408db7a65d080410d) Importer(815301076,1909f56bfc062723c751e8b465ee728b)
Start importing Assets/Models/Belly Dance.fbx using Guid(2a5cdf700aa4c16408db7a65d080410d) Importer(815301076,1909f56bfc062723c751e8b465ee728b)  -> (artifact id: '9f331dd89f8781d3aad398f61d9df2d1') in 0.028470 seconds 
  Import took 0.031170 seconds .

========================================================================
Received Import Request.
  Time since last request: 0.000148 seconds.
  path: Assets/Models/ferriswheel.fbx
  artifactKey: Guid(fe5754f32ba76404caa28658e517a7d9) Importer(815301076,1909f56bfc062723c751e8b465ee728b)
Start importing Assets/Models/ferriswheel.fbx using Guid(fe5754f32ba76404caa28658e517a7d9) Importer(815301076,1909f56bfc062723c751e8b465ee728b)  -> (artifact id: '95e946e78820396de8dbd23938afcae9') in 0.014335 seconds 
  Import took 0.016982 seconds .

========================================================================
Received Import Request.
  Time since last request: 0.000186 seconds.
  path: Assets/Models/Container.fbx
  artifactKey: Guid(87e1717c441d0604787dcecfd5bbb71e) Importer(815301076,1909f56bfc062723c751e8b465ee728b)
Start importing Assets/Models/Container.fbx using Guid(87e1717c441d0604787dcecfd5bbb71e) Importer(815301076,1909f56bfc062723c751e8b465ee728b)  -> (artifact id: 'e342f7f52bc485d43724ee736e004ae8') in 0.039136 seconds 
  Import took 0.041765 seconds .

========================================================================
Received Import Request.
  Time since last request: 0.000162 seconds.
  path: Assets/Models/Blender.fbx
  artifactKey: Guid(0386a144b3465554f94d49d5607a3bdf) Importer(815301076,1909f56bfc062723c751e8b465ee728b)
Start importing Assets/Models/Blender.fbx using Guid(0386a144b3465554f94d49d5607a3bdf) Importer(815301076,1909f56bfc062723c751e8b465ee728b)  -> (artifact id: 'a6ff36be7d111b6cd7efc6c23abe9159') in 0.099255 seconds 
  Import took 0.101919 seconds .

========================================================================
Received Import Request.
  Time since last request: 0.000136 seconds.
  path: Assets/Models/Blood.prefab
  artifactKey: Guid(e5ebd436606efc3438fce5b1b901f453) Importer(815301076,1909f56bfc062723c751e8b465ee728b)
Start importing Assets/Models/Blood.prefab using Guid(e5ebd436606efc3438fce5b1b901f453) Importer(815301076,1909f56bfc062723c751e8b465ee728b)  -> (artifact id: '7df4b3e1004be2f2a641f921316e13f4') in 0.014026 seconds 
  Import took 0.016609 seconds .

========================================================================
Received Import Request.
  Time since last request: 0.000145 seconds.
  path: Assets/Models/ferriswheelHandle.fbx
  artifactKey: Guid(4ed6fdcbdd9641840903f1bbf49036cb) Importer(815301076,1909f56bfc062723c751e8b465ee728b)
Start importing Assets/Models/ferriswheelHandle.fbx using Guid(4ed6fdcbdd9641840903f1bbf49036cb) Importer(815301076,1909f56bfc062723c751e8b465ee728b)  -> (artifact id: '7de2c5ad82cb847bfa3f7bd81fd11f5d') in 0.013337 seconds 
  Import took 0.016495 seconds .

========================================================================
Received Import Request.
  Time since last request: 0.000255 seconds.
  path: Assets/Models/Blood.prefab
  artifactKey: Guid(e5ebd436606efc3438fce5b1b901f453) Importer(815301076,1909f56bfc062723c751e8b465ee728b)
Start importing Assets/Models/Blood.prefab using Guid(e5ebd436606efc3438fce5b1b901f453) Importer(815301076,1909f56bfc062723c751e8b465ee728b)  -> (artifact id: '7df4b3e1004be2f2a641f921316e13f4') in 0.008167 seconds 
  Import took 0.011459 seconds .

========================================================================
Received Import Request.
  Time since last request: 1.503191 seconds.
  path: Assets/Scenes/Aaron.unity
  artifactKey: Guid(04c2c45b82a4a634383be0331a096074) Importer(815301076,1909f56bfc062723c751e8b465ee728b)
Start importing Assets/Scenes/Aaron.unity using Guid(04c2c45b82a4a634383be0331a096074) Importer(815301076,1909f56bfc062723c751e8b465ee728b)  -> (artifact id: 'ee870eb774bdd9c7331148e5d152b2b6') in 0.005430 seconds 
  Import took 0.008049 seconds .

========================================================================
Received Import Request.
  Time since last request: 0.005910 seconds.
  path: Assets/Scenes/Aaron.unity
  artifactKey: Guid(04c2c45b82a4a634383be0331a096074) Importer(815301076,1909f56bfc062723c751e8b465ee728b)
Start importing Assets/Scenes/Aaron.unity using Guid(04c2c45b82a4a634383be0331a096074) Importer(815301076,1909f56bfc062723c751e8b465ee728b)  -> (artifact id: 'ee870eb774bdd9c7331148e5d152b2b6') in 0.002641 seconds 
  Import took 0.005732 seconds .

========================================================================
Received Import Request.
  Time since last request: 9.058590 seconds.
  path: Assets/Models
  artifactKey: Guid(409f65f4f333f2a419d6a57b21529503) Importer(815301076,1909f56bfc062723c751e8b465ee728b)
Start importing Assets/Models using Guid(409f65f4f333f2a419d6a57b21529503) Importer(815301076,1909f56bfc062723c751e8b465ee728b)  -> (artifact id: 'd3fc9775833d91cf12bea6d67f91a596') in 0.005036 seconds 
  Import took 0.007894 seconds .

========================================================================
Received Import Request.
  Time since last request: 14.340304 seconds.
  path: Assets/Materials/Blood.mat
  artifactKey: Guid(3ab57a8499f6f3b478850edcf341b2da) Importer(815301076,1909f56bfc062723c751e8b465ee728b)
Start importing Assets/Materials/Blood.mat using Guid(3ab57a8499f6f3b478850edcf341b2da) Importer(815301076,1909f56bfc062723c751e8b465ee728b)  -> (artifact id: '6141a70900c73da6169baad57d03aced') in 0.009949 seconds 
  Import took 0.013362 seconds .

========================================================================
Received Import Request.
  Time since last request: 5.784912 seconds.
  path: Assets/Materials/Glass.mat
  artifactKey: Guid(59b9d878f9ecf6a4b9d2c2d6c0609c93) Importer(815301076,1909f56bfc062723c751e8b465ee728b)
Start importing Assets/Materials/Glass.mat using Guid(59b9d878f9ecf6a4b9d2c2d6c0609c93) Importer(815301076,1909f56bfc062723c751e8b465ee728b)  -> (artifact id: '8b9d2a48220858e3711c76dcafe8442c') in 0.011030 seconds 
  Import took 0.014243 seconds .

========================================================================
Received Import Request.
  Time since last request: 17.032637 seconds.
  path: Assets/Materials/Glass.mat
  artifactKey: Guid(59b9d878f9ecf6a4b9d2c2d6c0609c93) Importer(815301076,1909f56bfc062723c751e8b465ee728b)
Start importing Assets/Materials/Glass.mat using Guid(59b9d878f9ecf6a4b9d2c2d6c0609c93) Importer(815301076,1909f56bfc062723c751e8b465ee728b)  -> (artifact id: 'f7a552c30339ad7bdae9984168b2536d') in 0.013509 seconds 
  Import took 0.016637 seconds .

AssetImportWorkerClient::OnTransportError - code=2 error=End of file
