Using pre-set license
Built from '2020.3/staging' branch; Version is '2020.3.18f1 (a7d1c678663c) revision 10998214'; Using compiler version '192528614'; Build Type 'Release'
OS: 'Windows 10 Home; OS build 19044.2364; Version 2009; 64bit' Language: 'en' Physical Memory: 32621 MB
BatchMode: 1, IsHumanControllingUs: 0, StartBugReporterOnCrash: 0, Is64bit: 1, IsPro: 0

COMMAND LINE ARGUMENTS:
C:\Program Files\Unity\Hub\Editor\2020.3.18f1\Editor\Unity.exe
-adb2
-batchMode
-noUpm
-name
AssetImportWorker0
-projectPath
C:/Users/aacha/Documents/GitHub/GE-Retro-Project/VR_Retro_GE
-logFile
Logs/AssetImportWorker0.log
-srvPort
50288
Successfully changed project path to: C:/Users/aacha/Documents/GitHub/GE-Retro-Project/VR_Retro_GE
C:/Users/aacha/Documents/GitHub/GE-Retro-Project/VR_Retro_GE
Using Asset Import Pipeline V2.
Refreshing native plugins compatible for Editor in 55.38 ms, found 11 plugins.
Preloading 2 native plugins for Editor in 1.87 ms.
Initialize engine version: 2020.3.18f1 (a7d1c678663c)
[Subsystems] Discovering subsystems at path C:/Program Files/Unity/Hub/Editor/2020.3.18f1/Editor/Data/Resources/UnitySubsystems
[Subsystems] Discovering subsystems at path C:/Users/aacha/Documents/GitHub/GE-Retro-Project/VR_Retro_GE/Assets
GfxDevice: creating device client; threaded=0
Direct3D:
    Version:  Direct3D 11.0 [level 11.1]
    Renderer: NVIDIA GeForce RTX 2070 Super (ID=0x1ed1)
    Vendor:   
    VRAM:     8003 MB
    Driver:   31.0.15.2756
Initialize mono
Mono path[0] = 'C:/Program Files/Unity/Hub/Editor/2020.3.18f1/Editor/Data/Managed'
Mono path[1] = 'C:/Program Files/Unity/Hub/Editor/2020.3.18f1/Editor/Data/MonoBleedingEdge/lib/mono/unityjit'
Mono config path = 'C:/Program Files/Unity/Hub/Editor/2020.3.18f1/Editor/Data/MonoBleedingEdge/etc'
Using monoOptions --debugger-agent=transport=dt_socket,embedding=1,server=y,suspend=n,address=127.0.0.1:56260
Begin MonoManager ReloadAssembly
Registering precompiled unity dll's ...
Register platform support module: C:/Program Files/Unity/Hub/Editor/2020.3.18f1/Editor/Data/PlaybackEngines/WindowsStandaloneSupport/UnityEditor.WindowsStandalone.Extensions.dll
Registered in 0.002376 seconds.
Native extension for WindowsStandalone target not found
Refreshing native plugins compatible for Editor in 52.92 ms, found 11 plugins.
Preloading 2 native plugins for Editor in 0.16 ms.
Mono: successfully reloaded assembly
- Completed reload, in  2.177 seconds
Domain Reload Profiling:
	ReloadAssembly (2177ms)
		BeginReloadAssembly (52ms)
			ExecutionOrderSort (0ms)
			DisableScriptedObjects (0ms)
			BackupInstance (0ms)
			ReleaseScriptingObjects (0ms)
			CreateAndSetChildDomain (1ms)
		EndReloadAssembly (471ms)
			LoadAssemblies (49ms)
			RebuildTransferFunctionScriptingTraits (0ms)
			SetupTypeCache (175ms)
			ReleaseScriptCaches (0ms)
			RebuildScriptCaches (32ms)
			SetupLoadedEditorAssemblies (186ms)
				LogAssemblyErrors (0ms)
				InitializePlatformSupportModulesInManaged (4ms)
				SetLoadedEditorAssemblies (0ms)
				RefreshPlugins (53ms)
				BeforeProcessingInitializeOnLoad (16ms)
				ProcessInitializeOnLoadAttributes (83ms)
				ProcessInitializeOnLoadMethodAttributes (28ms)
				AfterProcessingInitializeOnLoad (0ms)
				EditorAssembliesLoaded (0ms)
			ExecutionOrderSort2 (0ms)
			AwakeInstancesAfterBackupRestoration (0ms)
Platform modules already initialized, skipping
Registering precompiled user dll's ...
Registered in 0.008354 seconds.
Begin MonoManager ReloadAssembly
Native extension for WindowsStandalone target not found
Refreshing native plugins compatible for Editor in 0.68 ms, found 11 plugins.
Preloading 2 native plugins for Editor in 0.19 ms.
[XR] OculusXRPlugin: registering subsystems
[XR] Unable to register display lifecyle provider: [1]
[XR] Oculus Input lifecycle provider registered.
[XR] Unable to register input lifecyle provider: [1]
System.Reflection.TargetInvocationException: Exception has been thrown by the target of an invocation. ---> System.NullReferenceException: Object reference not set to an instance of an object
  at Unity.XR.Oculus.OculusLoader.AssetPathToAbsolutePath (System.String assetPath) [0x0004e] in <c544964db9ce49dfa440be2e99dbd4fd>:0 
  at Unity.XR.Oculus.OculusLoader.EditorLoadOVRPlugin () [0x0007b] in <c544964db9ce49dfa440be2e99dbd4fd>:0 
  at (wrapper managed-to-native) System.Reflection.MonoMethod.InternalInvoke(System.Reflection.MonoMethod,object,object[],System.Exception&)
  at System.Reflection.MonoMethod.Invoke (System.Object obj, System.Reflection.BindingFlags invokeAttr, System.Reflection.Binder binder, System.Object[] parameters, System.Globalization.CultureInfo culture) [0x00032] in <695d1cc93cca45069c528c15c9fdd749>:0 
   --- End of inner exception stack trace ---
  at System.Reflection.MonoMethod.Invoke (System.Object obj, System.Reflection.BindingFlags invokeAttr, System.Reflection.Binder binder, System.Object[] parameters, System.Globalization.CultureInfo culture) [0x00048] in <695d1cc93cca45069c528c15c9fdd749>:0 
  at System.Reflection.MethodBase.Invoke (System.Object obj, System.Object[] parameters) [0x00000] in <695d1cc93cca45069c528c15c9fdd749>:0 
  at UnityEditor.EditorAssemblies.ProcessInitializeOnLoadMethodAttributes () [0x00047] in <5ad584e208e14caaa9e6b2e6027e9204>:0 
UnityEngine.StackTraceUtility:ExtractStackTrace ()
UnityEngine.DebugLogHandler:LogFormat (UnityEngine.LogType,UnityEngine.Object,string,object[])
UnityEngine.Logger:Log (UnityEngine.LogType,object)
UnityEngine.Debug:LogError (object)
UnityEditor.EditorAssemblies:ProcessInitializeOnLoadMethodAttributes ()

Mono: successfully reloaded assembly
- Completed reload, in  1.175 seconds
Domain Reload Profiling:
	ReloadAssembly (1176ms)
		BeginReloadAssembly (157ms)
			ExecutionOrderSort (0ms)
			DisableScriptedObjects (5ms)
			BackupInstance (0ms)
			ReleaseScriptingObjects (0ms)
			CreateAndSetChildDomain (18ms)
		EndReloadAssembly (949ms)
			LoadAssemblies (89ms)
			RebuildTransferFunctionScriptingTraits (0ms)
			SetupTypeCache (302ms)
			ReleaseScriptCaches (0ms)
			RebuildScriptCaches (49ms)
			SetupLoadedEditorAssemblies (387ms)
				LogAssemblyErrors (0ms)
				InitializePlatformSupportModulesInManaged (6ms)
				SetLoadedEditorAssemblies (0ms)
				RefreshPlugins (1ms)
				BeforeProcessingInitializeOnLoad (96ms)
				ProcessInitializeOnLoadAttributes (257ms)
				ProcessInitializeOnLoadMethodAttributes (17ms)
				AfterProcessingInitializeOnLoad (8ms)
				EditorAssembliesLoaded (0ms)
			ExecutionOrderSort2 (0ms)
			AwakeInstancesAfterBackupRestoration (7ms)
Platform modules already initialized, skipping
========================================================================
Worker process is ready to serve import requests
Launched and connected shader compiler UnityShaderCompiler.exe after 0.04 seconds
Refreshing native plugins compatible for Editor in 1.02 ms, found 11 plugins.
Preloading 2 native plugins for Editor in 0.23 ms.
Unloading 1862 Unused Serialized files (Serialized files now loaded: 0)
System memory in use before: 79.5 MB.
System memory in use after: 79.6 MB.

Unloading 20 unused Assets to reduce memory usage. Loaded Objects now: 2295.
Total: 3.254400 ms (FindLiveObjects: 0.281300 ms CreateObjectMapping: 0.098800 ms MarkObjects: 2.794800 ms  DeleteObjects: 0.078500 ms)

AssetImportParameters requested are different than current active one (requested -> active):
  custom:framework-win-MediaFoundation: 216162199b28c13a410421893ffa2e32 -> 
  custom:video-decoder-ogg-theora: a1e56fd34408186e4bbccfd4996cb3dc -> 
  custom:container-muxer-webm: aa71ff27fc2769a1b78a27578f13a17b -> 
  custom:container-demuxer-webm: 4f35f7cbe854078d1ac9338744f61a02 -> 
  custom:container-demuxer-ogg: 62fdf1f143b41e24485cea50d1cbac27 -> 
  custom:video-encoder-webm-vp8: eb34c28f22e8b96e1ab97ce403110664 -> 
  custom:video-codec-MediaFoundation-h265: 746d11721c4dcdbdad8f713fa42b33f4 -> 
  custom:video-decoder-webm-vp8: 9c59270c3fd7afecdb556c50c9e8de78 -> 
  custom:audio-decoder-ogg-vorbis: bf7c407c2cedff20999df2af8eb42d56 -> 
  custom:audio-encoder-webm-vorbis: bf7c407c2cedff20999df2af8eb42d56 -> 
========================================================================
Received Import Request.
  path: Assets/Scenes
  artifactKey: Guid(0cc1b79de78bc4991892d4d342d7211a) Importer(815301076,1909f56bfc062723c751e8b465ee728b)
Start importing Assets/Scenes using Guid(0cc1b79de78bc4991892d4d342d7211a) Importer(815301076,1909f56bfc062723c751e8b465ee728b)  -> (artifact id: '1a2b783607780ab52c781c33bee8514e') in 0.008601 seconds 
  Import took 0.011678 seconds .

========================================================================
Received Import Request.
  Time since last request: 35.092014 seconds.
  path: Assets
  artifactKey: Guid(00000000000000001000000000000000) Importer(815301076,1909f56bfc062723c751e8b465ee728b)
Start importing Assets using Guid(00000000000000001000000000000000) Importer(815301076,1909f56bfc062723c751e8b465ee728b)  -> (artifact id: '42d402b061de3733987d63b9cc3b64de') in 0.005644 seconds 
  Import took 0.008489 seconds .

========================================================================
Received Import Request.
  Time since last request: 4.018278 seconds.
  path: Assets/Models
  artifactKey: Guid(409f65f4f333f2a419d6a57b21529503) Importer(815301076,1909f56bfc062723c751e8b465ee728b)
Start importing Assets/Models using Guid(409f65f4f333f2a419d6a57b21529503) Importer(815301076,1909f56bfc062723c751e8b465ee728b)  -> (artifact id: 'd3fc9775833d91cf12bea6d67f91a596') in 0.005931 seconds 
  Import took 0.008884 seconds .

========================================================================
Received Import Request.
  Time since last request: 6.997468 seconds.
  path: Assets/Models/alien.fbx
  artifactKey: Guid(73ddb7010762b534bb4bd79cbc330d05) Importer(815301076,1909f56bfc062723c751e8b465ee728b)
Start importing Assets/Models/alien.fbx using Guid(73ddb7010762b534bb4bd79cbc330d05) Importer(815301076,1909f56bfc062723c751e8b465ee728b)  -> (artifact id: '544eb0a431e7880c1228d1ad5dbd59f2') in 0.385881 seconds 
  Import took 0.389003 seconds .

========================================================================
Received Import Request.
  Time since last request: 0.000660 seconds.
  path: Assets/Models/Belly Dance.fbx
  artifactKey: Guid(2a5cdf700aa4c16408db7a65d080410d) Importer(815301076,1909f56bfc062723c751e8b465ee728b)
Start importing Assets/Models/Belly Dance.fbx using Guid(2a5cdf700aa4c16408db7a65d080410d) Importer(815301076,1909f56bfc062723c751e8b465ee728b)  -> (artifact id: '98c55dd194c2093d9233a2741cfeb8c6') in 0.035395 seconds 
  Import took 0.038694 seconds .

========================================================================
Received Import Request.
  Time since last request: 0.000682 seconds.
  path: Assets/Models/ferriswheel.fbx
  artifactKey: Guid(fe5754f32ba76404caa28658e517a7d9) Importer(815301076,1909f56bfc062723c751e8b465ee728b)
Start importing Assets/Models/ferriswheel.fbx using Guid(fe5754f32ba76404caa28658e517a7d9) Importer(815301076,1909f56bfc062723c751e8b465ee728b)  -> (artifact id: 'c155d6516a1f3046ec229908b45678d0') in 0.017051 seconds 
  Import took 0.020300 seconds .

========================================================================
Received Import Request.
  Time since last request: 0.000885 seconds.
  path: Assets/Models/Container.fbx
  artifactKey: Guid(87e1717c441d0604787dcecfd5bbb71e) Importer(815301076,1909f56bfc062723c751e8b465ee728b)
Start importing Assets/Models/Container.fbx using Guid(87e1717c441d0604787dcecfd5bbb71e) Importer(815301076,1909f56bfc062723c751e8b465ee728b)  -> (artifact id: '2194c3911281a116ad8247f9de67a6c8') in 0.042352 seconds 
  Import took 0.045732 seconds .

========================================================================
Received Import Request.
  Time since last request: 0.000639 seconds.
  path: Assets/Models/Blender.fbx
  artifactKey: Guid(0386a144b3465554f94d49d5607a3bdf) Importer(815301076,1909f56bfc062723c751e8b465ee728b)
Start importing Assets/Models/Blender.fbx using Guid(0386a144b3465554f94d49d5607a3bdf) Importer(815301076,1909f56bfc062723c751e8b465ee728b)  -> (artifact id: 'cff441b1cabd3c65114e35d554280c54') in 0.127498 seconds 
  Import took 0.130879 seconds .

========================================================================
Received Import Request.
  Time since last request: 0.000650 seconds.
  path: Assets/Models/ferriswheelHandle.fbx
  artifactKey: Guid(4ed6fdcbdd9641840903f1bbf49036cb) Importer(815301076,1909f56bfc062723c751e8b465ee728b)
Start importing Assets/Models/ferriswheelHandle.fbx using Guid(4ed6fdcbdd9641840903f1bbf49036cb) Importer(815301076,1909f56bfc062723c751e8b465ee728b)  -> (artifact id: '17c2766bc814b3e8079c577b492eebc3') in 0.016759 seconds 
  Import took 0.019955 seconds .

========================================================================
Received Import Request.
  Time since last request: 0.001387 seconds.
  path: Assets/Models/ferriswheelHandle.fbx
  artifactKey: Guid(4ed6fdcbdd9641840903f1bbf49036cb) Importer(815301076,1909f56bfc062723c751e8b465ee728b)
Start importing Assets/Models/ferriswheelHandle.fbx using Guid(4ed6fdcbdd9641840903f1bbf49036cb) Importer(815301076,1909f56bfc062723c751e8b465ee728b)  -> (artifact id: '17c2766bc814b3e8079c577b492eebc3') in 0.011979 seconds 
  Import took 0.015285 seconds .

AssetImportWorkerClient::OnTransportError - code=2 error=End of file
